<?xml version="1.0" encoding="UTF-8"?>
<beans xmlns="http://www.springframework.org/schema/beans"
	xmlns:beans="http://www.springframework.org/schema/beans"
	xmlns:context="http://www.springframework.org/schema/context"
	xmlns:util="http://www.springframework.org/schema/util" xmlns:mongo="http://www.springframework.org/schema/data/mongo"
	xmlns:p="http://www.springframework.org/schema/p" xmlns:aop="http://www.springframework.org/schema/aop"
	xmlns:xsi="http://www.w3.org/2001/XMLSchema-instance"
	xsi:schemaLocation="http://www.springframework.org/schema/beans
			http://www.springframework.org/schema/beans/spring-beans.xsd
			http://www.springframework.org/schema/context 
        	http://www.springframework.org/schema/context/spring-context.xsd
        	http://www.springframework.org/schema/aop 
			http://www.springframework.org/schema/aop/spring-aop.xsd
			http://www.springframework.org/schema/data/mongo
			http://www.springframework.org/schema/data/mongo/spring-mongo-1.0.xsd
        	http://www.springframework.org/schema/util 
            http://www.springframework.org/schema/util/spring-util.xsd">

	<context:annotation-config />
	<context:component-scan
		base-package="com.cognizant.tranzform.tzfutil.user" />
	<bean id="conversationRepoLocal" class="com.cognizant.tranzform.msgcenter.repository.ConversationRepoImpl">
	</bean>	
	<bean id="conversationRepoV2Local" class="com.cognizant.tranzform.msgcenter.v2.repository.ConversationRepoV2Impl">
	</bean>	
	<bean id="mongoTemplate" class="org.springframework.data.mongodb.core.MongoTemplate">
		<constructor-arg name="mongoDbFactory" ref="mongoDbFactory" />
	</bean>
	
	
	
	<bean id="embedMongo" class="com.cognizant.tranzform.embedmongo.EmbeddedMongo"
		factory-method="getInstance">
		<constructor-arg name="listenPort" type="int" value="27018" />
		<constructor-arg name="initData" type="boolean" value="true" />
		<constructor-arg name="randomExtract" type="boolean"
			value="true" />
		<property name="loadMongo">
			<ref bean="loadMongo" />
		</property>
	</bean>

	<bean id="loadMongo" class="com.cognizant.tranzform.embedmongo.DataLoad">
		<property name="dbName" value="tranzformdb" />
		<property name="jsonFolderPath" value="test" />
	</bean>


	<mongo:repositories base-package="com.cognizant.tranzform" />
	<mongo:mongo id="testMongo" host="localhost" port="27018" />
	<mongo:db-factory dbname="tranzformdb" mongo-ref="testMongo" />
	<mongo:mapping-converter id="converter"
		db-factory-ref="mongoDbFactory" />



</beans>